#
# There is insufficient memory for the Java Runtime Environment to continue.
# Native memory allocation (mmap) failed to map 4161536 bytes for G1 virtual space
# Possible reasons:
#   The system is out of physical RAM or swap space
#   The process is running with CompressedOops enabled, and the Java Heap may be blocking the growth of the native heap
# Possible solutions:
#   Reduce memory load on the system
#   Increase physical memory or swap space
#   Check if swap backing store is full
#   Decrease Java heap size (-Xmx/-Xms)
#   Decrease number of Java threads
#   Decrease Java thread stack sizes (-Xss)
#   Set larger code cache with -XX:ReservedCodeCacheSize=
#   JVM is running with Unscaled Compressed Oops mode in which the Java heap is
#     placed in the first 4GB address space. The Java Heap base address is the
#     maximum limit for the native heap growth. Please use -XX:HeapBaseMinAddress
#     to set the Java Heap base and to place the Java Heap above 4GB virtual address.
# This output file may be truncated or incomplete.
#
#  Out of Memory Error (os_windows.cpp:3548), pid=14480, tid=2880
#
# JRE version:  (17.0.12+8) (build )
# Java VM: Java HotSpot(TM) 64-Bit Server VM (17.0.12+8-LTS-286, mixed mode, sharing, tiered, compressed oops, compressed class ptrs, g1 gc, windows-amd64)
# No core dump will be written. Minidumps are not enabled by default on client versions of Windows
#

---------------  S U M M A R Y ------------

Command Line: -Dorg.gradle.internal.worker.tmpdir=D:\EDACY\IPLD\lab7\sb-car-5\build\tmp\test\work -Dorg.gradle.native=false -Xmx512m -Dfile.encoding=windows-1252 -Duser.country=FR -Duser.language=fr -Duser.variant -ea worker.org.gradle.process.internal.worker.GradleWorkerMain 'Gradle Test Executor 4'

Host: Intel(R) Core(TM) i5-8365U CPU @ 1.60GHz, 8 cores, 15G,  Windows 10 , 64 bit Build 19041 (10.0.19041.5678)
Time: Wed Jun  4 21:02:26 2025 Greenwich elapsed time: 0.015135 seconds (0d 0h 0m 0s)

---------------  T H R E A D  ---------------

Current thread (0x0000014ae73de570):  JavaThread "Unknown thread" [_thread_in_vm, id=2880, stack(0x0000000780800000,0x0000000780900000)]

Stack: [0x0000000780800000,0x0000000780900000]
Native frames: (J=compiled Java code, j=interpreted, Vv=VM code, C=native code)
V  [jvm.dll+0x67a04a]
V  [jvm.dll+0x7da4ed]
V  [jvm.dll+0x7dbe33]
V  [jvm.dll+0x7dc4a3]
V  [jvm.dll+0x24508f]
V  [jvm.dll+0x677089]
V  [jvm.dll+0x66bd32]
V  [jvm.dll+0x301fa6]
V  [jvm.dll+0x309546]
V  [jvm.dll+0x359d58]
V  [jvm.dll+0x359f5f]
V  [jvm.dll+0x2d9078]
V  [jvm.dll+0x2d9fe4]
V  [jvm.dll+0x7aca21]
V  [jvm.dll+0x367591]
V  [jvm.dll+0x78b999]
V  [jvm.dll+0x3ec83f]
V  [jvm.dll+0x3ee471]
C  [jli.dll+0x5297]
C  [ucrtbase.dll+0x21bb2]
C  [KERNEL32.DLL+0x17374]
C  [ntdll.dll+0x4cc91]


---------------  P R O C E S S  ---------------

Threads class SMR info:
_java_thread_list=0x00007ffebbd97a18, length=0, elements={
}

Java Threads: ( => current thread )

Other Threads:
  0x0000014ae950b830 GCTaskThread "GC Thread#0" [stack: 0x0000000780900000,0x0000000780a00000] [id=1152]
  0x0000014ae9511690 ConcurrentGCThread "G1 Main Marker" [stack: 0x0000000780a00000,0x0000000780b00000] [id=2484]
  0x0000014ae9511fa0 ConcurrentGCThread "G1 Conc#0" [stack: 0x0000000780b00000,0x0000000780c00000] [id=10056]

[error occurred during error reporting (printing all threads), id 0xc0000005, EXCEPTION_ACCESS_VIOLATION (0xc0000005) at pc=0x00007ffebb5c9b67]

VM state: not at safepoint (not fully initialized)

VM Mutex/Monitor currently owned by a thread:  ([mutex/lock_event])
[0x0000014ae73de2f0] Heap_lock - owner thread: 0x0000014ae73de570

Heap address: 0x00000000e0000000, size: 512 MB, Compressed Oops mode: 32-bit

CDS archive(s) mapped at: [0x0000000000000000-0x0000000000000000-0x0000000000000000), size 0, SharedBaseAddress: 0x0000000800000000, ArchiveRelocationMode: 1.
Narrow klass base: 0x0000000000000000, Narrow klass shift: 0, Narrow klass range: 0x0

GC Precious Log:
<Empty>

Heap:
 garbage-first heap   total 0K, used 0K [0x00000000e0000000, 0x0000000100000000)
  region size 1024K, 0 young (0K), 0 survivors (0K)

[error occurred during error reporting (printing heap information), id 0xc0000005, EXCEPTION_ACCESS_VIOLATION (0xc0000005) at pc=0x00007ffebb9b3859]

GC Heap History (0 events):
No events

Deoptimization events (0 events):
No events

Classes unloaded (0 events):
No events

Classes redefined (0 events):
No events

Internal exceptions (0 events):
No events

VM Operations (0 events):
No events

Events (1 events):
Event: 0.008 Loaded shared library D:\BACHELOR\jdk-17.0.12\bin\java.dll


Dynamic libraries:
0x00007ff6dd410000 - 0x00007ff6dd420000 	D:\BACHELOR\jdk-17.0.12\bin\java.exe
0x00007fff14f90000 - 0x00007fff15188000 	C:\WINDOWS\SYSTEM32\ntdll.dll
0x00007fff14e80000 - 0x00007fff14f42000 	C:\WINDOWS\System32\KERNEL32.DLL
0x00007fff12950000 - 0x00007fff12c46000 	C:\WINDOWS\System32\KERNELBASE.dll
0x00007fff126a0000 - 0x00007fff127a0000 	C:\WINDOWS\System32\ucrtbase.dll
0x00007ffef4800000 - 0x00007ffef4819000 	D:\BACHELOR\jdk-17.0.12\bin\jli.dll
0x00007fff14dd0000 - 0x00007fff14e7f000 	C:\WINDOWS\System32\ADVAPI32.dll
0x00007fff13ae0000 - 0x00007fff13b7e000 	C:\WINDOWS\System32\msvcrt.dll
0x00007fff13560000 - 0x00007fff135ff000 	C:\WINDOWS\System32\sechost.dll
0x00007fff139b0000 - 0x00007fff13ad3000 	C:\WINDOWS\System32\RPCRT4.dll
0x00007fff12620000 - 0x00007fff12647000 	C:\WINDOWS\System32\bcrypt.dll
0x00007fff13810000 - 0x00007fff139ad000 	C:\WINDOWS\System32\USER32.dll
0x00007fff12c50000 - 0x00007fff12c72000 	C:\WINDOWS\System32\win32u.dll
0x00007fff137c0000 - 0x00007fff137eb000 	C:\WINDOWS\System32\GDI32.dll
0x00007fff12c80000 - 0x00007fff12d9a000 	C:\WINDOWS\System32\gdi32full.dll
0x00007fff12820000 - 0x00007fff128bd000 	C:\WINDOWS\System32\msvcp_win.dll
0x00007fff11ad0000 - 0x00007fff11d6a000 	C:\WINDOWS\WinSxS\amd64_microsoft.windows.common-controls_6595b64144ccf1df_6.0.19041.4355_none_60b8b9eb71f62e16\COMCTL32.dll
0x00007ffef47e0000 - 0x00007ffef47fb000 	D:\BACHELOR\jdk-17.0.12\bin\VCRUNTIME140.dll
0x00007fff0c7b0000 - 0x00007fff0c7ba000 	C:\WINDOWS\SYSTEM32\VERSION.dll
0x00007fff13530000 - 0x00007fff1355f000 	C:\WINDOWS\System32\IMM32.DLL
0x00007ffef47d0000 - 0x00007ffef47dc000 	D:\BACHELOR\jdk-17.0.12\bin\vcruntime140_1.dll
0x00007ffebbec0000 - 0x00007ffebbf4e000 	D:\BACHELOR\jdk-17.0.12\bin\msvcp140.dll
0x00007ffebb2e0000 - 0x00007ffebbec0000 	D:\BACHELOR\jdk-17.0.12\bin\server\jvm.dll
0x00007fff14b70000 - 0x00007fff14b78000 	C:\WINDOWS\System32\PSAPI.DLL
0x00007ffeea330000 - 0x00007ffeea339000 	C:\WINDOWS\SYSTEM32\WSOCK32.dll
0x00007ffef6420000 - 0x00007ffef6447000 	C:\WINDOWS\SYSTEM32\WINMM.dll
0x00007fff14390000 - 0x00007fff143fb000 	C:\WINDOWS\System32\WS2_32.dll
0x00007fff10760000 - 0x00007fff10772000 	C:\WINDOWS\SYSTEM32\kernel.appcore.dll
0x00007ffef47c0000 - 0x00007ffef47ca000 	D:\BACHELOR\jdk-17.0.12\bin\jimage.dll
0x00007fff12020000 - 0x00007fff12204000 	C:\WINDOWS\SYSTEM32\DBGHELP.DLL
0x00007fff11f60000 - 0x00007fff11f94000 	C:\WINDOWS\SYSTEM32\dbgcore.DLL
0x00007fff128c0000 - 0x00007fff12942000 	C:\WINDOWS\System32\bcryptPrimitives.dll
0x00007ffef1fb0000 - 0x00007ffef1fd5000 	D:\BACHELOR\jdk-17.0.12\bin\java.dll

dbghelp: loaded successfully - version: 4.0.5 - missing functions: none
symbol engine: initialized successfully - sym options: 0x614 - pdb path: .;D:\BACHELOR\jdk-17.0.12\bin;C:\WINDOWS\SYSTEM32;C:\WINDOWS\WinSxS\amd64_microsoft.windows.common-controls_6595b64144ccf1df_6.0.19041.4355_none_60b8b9eb71f62e16;D:\BACHELOR\jdk-17.0.12\bin\server

VM Arguments:
jvm_args: -Dorg.gradle.internal.worker.tmpdir=D:\EDACY\IPLD\lab7\sb-car-5\build\tmp\test\work -Dorg.gradle.native=false -Xmx512m -Dfile.encoding=windows-1252 -Duser.country=FR -Duser.language=fr -Duser.variant -ea 
java_command: worker.org.gradle.process.internal.worker.GradleWorkerMain 'Gradle Test Executor 4'
java_class_path (initial): D:\\.gradle\\caches\\8.3\\workerMain\\gradle-worker.jar;D:\\EDACY\\IPLD\\lab7\\sb-car-5\\build\\classes\\java\\test;D:\\EDACY\\IPLD\\lab7\\sb-car-5\\build\\classes\\java\\main;D:\\.gradle\\caches\\modules-2\\files-2.1\\org.springframework.boot\\spring-boot-starter-data-rest\\3.1.4\\9f6d142c9bf1691825a16331d03798574623045c\\spring-boot-starter-data-rest-3.1.4.jar;D:\\.gradle\\caches\\modules-2\\files-2.1\\org.springframework.boot\\spring-boot-starter-web\\3.1.4\\a0da0751207173c93f9e92e74cae430b53544576\\spring-boot-starter-web-3.1.4.jar;D:\\.gradle\\caches\\modules-2\\files-2.1\\org.springframework.boot\\spring-boot-starter-data-jpa\\3.1.4\\f01d5f2ecbfef3159879c4a8450b49620ffb96c\\spring-boot-starter-data-jpa-3.1.4.jar;D:\\.gradle\\caches\\modules-2\\files-2.1\\org.springdoc\\springdoc-openapi-starter-webmvc-ui\\2.0.2\\264da79c9d4a53feab8c5c6d0e0cb143bd099d4\\springdoc-openapi-starter-webmvc-ui-2.0.2.jar;D:\\.gradle\\caches\\modules-2\\files-2.1\\org.mariadb.jdbc\\mariadb-java-client\\3.1.4\\7f66d1f5afcacdb11ba34d2614933a206afbcff2\\mariadb-java-client-3.1.4.jar;D:\\.gradle\\caches\\modules-2\\files-2.1\\org.springframework.boot\\spring-boot-starter-security\\3.1.4\\1c1ab40bcb9037a32b6f4dc9d48d705d9d0679fa\\spring-boot-starter-security-3.1.4.jar;D:\\.gradle\\caches\\modules-2\\files-2.1\\io.jsonwebtoken\\jjwt-impl\\0.11.5\\40a599f0e8a8e4e0701596fbb15e67bfda64fdf0\\jjwt-impl-0.11.5.jar;D:\\.gradle\\caches\\modules-2\\files-2.1\\io.jsonwebtoken\\jjwt-jackson\\0.11.5\\3b83a06809e98a69402d7333dcf67df6f6ea4579\\jjwt-jackson-0.11.5.jar;D:\\.gradle\\caches\\modules-2\\files-2.1\\io.jsonwebtoken\\jjwt-api\\0.11.5\\f742940045619d06383e7df37b21ac422b476cf1\\jjwt-api-0.11.5.jar;D:\\.gradle\\caches\\modules-2\\files-2.1\\org.springframework.boot\\spring-boot-starter-test\\3.1.4\\1990ee664a265366b09ac723002f72697ebd0925\\spring-boot-starter-test-3.1.4.jar;D:\\.gradle\\caches\\modules-2\\files-2.1\\org.springframework.security\\spring-security-test\\6.
Launcher Type: SUN_STANDARD

[Global flags]
     intx CICompilerCount                          = 4                                         {product} {ergonomic}
     uint ConcGCThreads                            = 2                                         {product} {ergonomic}
     uint G1ConcRefinementThreads                  = 8                                         {product} {ergonomic}
   size_t G1HeapRegionSize                         = 1048576                                   {product} {ergonomic}
    uintx GCDrainStackTargetSize                   = 64                                        {product} {ergonomic}
   size_t InitialHeapSize                          = 266338304                                 {product} {ergonomic}
   size_t MarkStackSize                            = 4194304                                   {product} {ergonomic}
   size_t MaxHeapSize                              = 536870912                                 {product} {command line}
   size_t MinHeapDeltaBytes                        = 1048576                                   {product} {ergonomic}
   size_t MinHeapSize                              = 8388608                                   {product} {ergonomic}
    uintx NonNMethodCodeHeapSize                   = 5839372                                {pd product} {ergonomic}
    uintx NonProfiledCodeHeapSize                  = 122909434                              {pd product} {ergonomic}
    uintx ProfiledCodeHeapSize                     = 122909434                              {pd product} {ergonomic}
    uintx ReservedCodeCacheSize                    = 251658240                              {pd product} {ergonomic}
     bool SegmentedCodeCache                       = true                                      {product} {ergonomic}
   size_t SoftMaxHeapSize                          = 536870912                              {manageable} {ergonomic}
     bool UseCompressedClassPointers               = true                           {product lp64_product} {ergonomic}
     bool UseCompressedOops                        = true                           {product lp64_product} {ergonomic}
     bool UseG1GC                                  = true                                      {product} {ergonomic}
     bool UseLargePagesIndividualAllocation        = false                                  {pd product} {ergonomic}

Logging:
Log output configuration:
 #0: stdout all=warning uptime,level,tags
 #1: stderr all=off uptime,level,tags

Environment Variables:
JAVA_HOME=D:\BACHELOR\jdk-17.0.12
PATH=C:\Users\Fatima.N.Diouf\bin;C:\Program Files\Git\mingw64\bin;C:\Program Files\Git\usr\local\bin;C:\Program Files\Git\usr\bin;C:\Program Files\Git\usr\bin;C:\Program Files\Git\mingw64\bin;C:\Program Files\Git\usr\bin;C:\Users\Fatima.N.Diouf\bin;C:\WINDOWS\system32;C:\WINDOWS;C:\WINDOWS\System32\Wbem;C:\WINDOWS\System32\WindowsPowerShell\v1.0;C:\WINDOWS\System32\OpenSSH;C:\MinGW\bin;D:\BACHELOR\jdk-17.0.12\bin;C:\ProgramData\ComposerSetup\bin;C:\ProgramData\chocolatey\bin;C:\Program Files\Git\cmd;D:\Src\flutter\bin;C:\Program Files (x86)\Windows Kits\10\Windows Performance Toolkit;C:\Program Files\Git\mingw64\bin;C:\Users\Fatima.N.Diouf\npm-global\bin;C:\Users\Fatima.N.Diouf\AppData\Local\Pub\Cache\bin;C:\Program Files\Docker\Docker\resources\bin;D:\JDK\jdk-18.0.2.1_windows-x64_bin\jdk-18.0.2.1\bin;D:\mysql\bin;C:\Program Files\MySQL\MySQL Server 5.5\bin;D:\mysql5\bin;D:\BACHELOR\jdk8\jdk1.8.0;C:\Program Files\nodejs;D:\BACHELOR\php-8.2.5;D:\BACHELOR\php-8.4.4;C:\Users\Fatima.N.Diouf\${HOME}\npm-global;D:\BACHELOR\jdk-24.0.1\bin;D:\BACHELOR\gradle-8.14\bin;D:\BACHELOR\spring-3.4.5\bin;D:\BACHELOR\jdk-17.0.12\bin;D:\BACHELOR\apache-maven-3.9.9\bin;D:\BACHELOR\mariadb-11.4.7-winx64\bin;C:\Users\Fatima.N.Diouf\AppData\Local\Microsoft\WindowsApps;D:\MinGW\bin;C:\Users\Fatima.N.Diouf\AppData\Roaming\Composer\vendor\bin;C:\Users\Fatima.N.Diouf\AppData\Local\Android\Sdk\platform-tools;C:\Users\Fatima.N.Diouf\AppData\Local\Microsoft\WinGet\Links;C:\Program Files\Git\mingw64\bin;C:\Users\Fatima.N.Diouf\AppData\Local\Pub\Cache\bin;D:\mysql\bin;D:\intellij2\IntelliJ IDEA 2024.3.1.1\bin;D:\BACHELOR\apache-maven-3.8.8-bin\apache-maven-3.8.8\bin;C:\Users\Fatima.N.Diouf\AppData\Roaming\npm;D:\BACHELOR\php-8.2.5;D:\BACHELOR\apache-maven-3.9.9\bin;D:\BACHELOR\jdk-24.0.1\bin;D:\BACHELOR\gradle-8.14\bin;D:\BACHELOR\spring-3.4.5\bin;D:\npm-global\bin;D:\BACHELOR\mariadb-11.4.7-winx64\bin;D:\Microsoft VS Code\bin;C:\Users\Fatima.N.Diouf\.vscode\extensions\ms-python.debugpy-2025.4.1-win3
USERNAME=Fatima.N.Diouf
SHELL=C:\Program Files\Git\usr\bin\bash.exe
DISPLAY=needs-to-be-defined
LANG=en_US.UTF-8
OS=Windows_NT
PROCESSOR_IDENTIFIER=Intel64 Family 6 Model 142 Stepping 12, GenuineIntel



---------------  S Y S T E M  ---------------

OS:
 Windows 10 , 64 bit Build 19041 (10.0.19041.5678)
OS uptime: 0 days 2:04 hours
Hyper-V role detected

CPU: total 8 (initial active 8) (4 cores per cpu, 2 threads per core) family 6 model 142 stepping 12 microcode 0xc6, cx8, cmov, fxsr, ht, mmx, 3dnowpref, sse, sse2, sse3, ssse3, sse4.1, sse4.2, popcnt, lzcnt, tsc, tscinvbit, avx, avx2, aes, erms, clmul, bmi1, bmi2, adx, fma, vzeroupper, clflush, clflushopt, hv

Memory: 4k page, system-wide physical 16194M (5128M free)
TotalPageFile size 16454M (AvailPageFile size 6M)
current process WorkingSet (physical memory assigned to process): 10M, peak: 10M
current process commit charge ("private bytes"): 318M, peak: 322M

vm_info: Java HotSpot(TM) 64-Bit Server VM (17.0.12+8-LTS-286) for windows-amd64 JRE (17.0.12+8-LTS-286), built on Jun  5 2024 06:46:59 by "mach5one" with MS VC++ 17.6 (VS2022)

END.
